<?xml version="1.0" encoding="UTF-8"?>
<coverage generated="1690752996041" clover="3.2.0">
  <project timestamp="1690752996041" name="All files">
    <metrics statements="71" coveredstatements="67" conditionals="37" coveredconditionals="28" methods="32" coveredmethods="28" elements="140" coveredelements="123" complexity="0" loc="71" ncloc="71" packages="4" files="4" classes="4"/>
    <package name="stopwatch-js">
      <metrics statements="5" coveredstatements="5" conditionals="0" coveredconditionals="0" methods="3" coveredmethods="3"/>
      <file name="sleep.js" path="/Users/christo/Documents/stopwatch-js/sleep.js">
        <metrics statements="5" coveredstatements="5" conditionals="0" coveredconditionals="0" methods="3" coveredmethods="3"/>
        <line num="2" count="1" type="stmt"/>
        <line num="3" count="8" type="stmt"/>
        <line num="4" count="8" type="stmt"/>
        <line num="5" count="8" type="stmt"/>
        <line num="6" count="8" type="stmt"/>
      </file>
    </package>
    <package name="stopwatch-js.build">
      <metrics statements="13" coveredstatements="10" conditionals="11" coveredconditionals="8" methods="11" coveredmethods="7"/>
      <file name="sleep.js" path="/Users/christo/Documents/stopwatch-js/build/sleep.js">
        <metrics statements="13" coveredstatements="10" conditionals="11" coveredconditionals="8" methods="11" coveredmethods="7"/>
        <line num="2" count="1" type="cond" truecount="3" falsecount="0"/>
        <line num="3" count="0" type="cond" truecount="0" falsecount="2"/>
        <line num="4" count="4" type="cond" truecount="2" falsecount="0"/>
        <line num="5" count="0" type="stmt"/>
        <line num="6" count="0" type="stmt"/>
        <line num="7" count="4" type="cond" truecount="1" falsecount="1"/>
        <line num="8" count="4" type="cond" truecount="2" falsecount="0"/>
        <line num="12" count="1" type="stmt"/>
        <line num="13" count="4" type="stmt"/>
        <line num="14" count="4" type="stmt"/>
        <line num="15" count="4" type="stmt"/>
        <line num="16" count="4" type="stmt"/>
        <line num="17" count="4" type="stmt"/>
      </file>
    </package>
    <package name="stopwatch-js.build.dist">
      <metrics statements="27" coveredstatements="26" conditionals="12" coveredconditionals="9" methods="9" coveredmethods="9"/>
      <file name="StopWatch.js" path="/Users/christo/Documents/stopwatch-js/build/dist/StopWatch.js">
        <metrics statements="27" coveredstatements="26" conditionals="12" coveredconditionals="9" methods="9" coveredmethods="9"/>
        <line num="4" count="4" type="stmt"/>
        <line num="5" count="4" type="stmt"/>
        <line num="8" count="4" type="cond" truecount="2" falsecount="0"/>
        <line num="9" count="1" type="stmt"/>
        <line num="10" count="1" type="stmt"/>
        <line num="11" count="1" type="stmt"/>
        <line num="13" count="3" type="stmt"/>
        <line num="16" count="3" type="cond" truecount="1" falsecount="1"/>
        <line num="17" count="0" type="stmt"/>
        <line num="18" count="3" type="stmt"/>
        <line num="21" count="2" type="stmt"/>
        <line num="22" count="2" type="stmt"/>
        <line num="25" count="42" type="cond" truecount="2" falsecount="0"/>
        <line num="26" count="12" type="stmt"/>
        <line num="27" count="30" type="cond" truecount="2" falsecount="0"/>
        <line num="28" count="10" type="stmt"/>
        <line num="29" count="20" type="stmt"/>
        <line num="32" count="9" type="stmt"/>
        <line num="35" count="9" type="stmt"/>
        <line num="38" count="9" type="stmt"/>
        <line num="43" count="9" type="stmt"/>
        <line num="44" count="9" type="cond" truecount="1" falsecount="1"/>
        <line num="45" count="9" type="stmt"/>
        <line num="46" count="9" type="cond" truecount="1" falsecount="1"/>
        <line num="47" count="9" type="stmt"/>
        <line num="48" count="9" type="stmt"/>
        <line num="51" count="1" type="stmt"/>
      </file>
    </package>
    <package name="stopwatch-js.dist">
      <metrics statements="26" coveredstatements="26" conditionals="14" coveredconditionals="11" methods="9" coveredmethods="9"/>
      <file name="StopWatch.js" path="/Users/christo/Documents/stopwatch-js/dist/StopWatch.js">
        <metrics statements="26" coveredstatements="26" conditionals="14" coveredconditionals="11" methods="9" coveredmethods="9"/>
        <line num="3" count="4" type="stmt"/>
        <line num="4" count="4" type="stmt"/>
        <line num="5" count="4" type="stmt"/>
        <line num="9" count="6" type="cond" truecount="3" falsecount="1"/>
        <line num="10" count="6" type="stmt"/>
        <line num="11" count="6" type="stmt"/>
        <line num="16" count="5" type="cond" truecount="2" falsecount="0"/>
        <line num="17" count="4" type="stmt"/>
        <line num="18" count="4" type="stmt"/>
        <line num="23" count="2" type="stmt"/>
        <line num="24" count="2" type="stmt"/>
        <line num="28" count="57" type="cond" truecount="2" falsecount="0"/>
        <line num="29" count="12" type="stmt"/>
        <line num="30" count="45" type="cond" truecount="2" falsecount="0"/>
        <line num="31" count="25" type="stmt"/>
        <line num="33" count="20" type="stmt"/>
        <line num="38" count="12" type="stmt"/>
        <line num="42" count="12" type="stmt"/>
        <line num="46" count="12" type="stmt"/>
        <line num="52" count="12" type="stmt"/>
        <line num="53" count="12" type="cond" truecount="1" falsecount="1"/>
        <line num="55" count="12" type="stmt"/>
        <line num="56" count="12" type="cond" truecount="1" falsecount="1"/>
        <line num="58" count="12" type="stmt"/>
        <line num="60" count="12" type="stmt"/>
        <line num="64" count="1" type="stmt"/>
      </file>
    </package>
  </project>
</coverage>
