{"/Users/christo/Documents/stopwatch-js/sleep.js": {"path":"/Users/christo/Documents/stopwatch-js/sleep.js","statementMap":{"0":{"start":{"line":2,"column":0},"end":{"line":9,"column":2}},"1":{"start":{"line":3,"column":4},"end":{"line":8,"column":7}},"2":{"start":{"line":4,"column":32},"end":{"line":4,"column":42}},"3":{"start":{"line":5,"column":8},"end":{"line":7,"column":22}},"4":{"start":{"line":6,"column":12},"end":{"line":6,"column":50}}},"fnMap":{"0":{"name":"(anonymous_0)","decl":{"start":{"line":2,"column":17},"end":{"line":2,"column":18}},"loc":{"start":{"line":2,"column":42},"end":{"line":9,"column":1}},"line":2},"1":{"name":"(anonymous_1)","decl":{"start":{"line":3,"column":23},"end":{"line":3,"column":24}},"loc":{"start":{"line":3,"column":41},"end":{"line":8,"column":5}},"line":3},"2":{"name":"(anonymous_2)","decl":{"start":{"line":5,"column":19},"end":{"line":5,"column":20}},"loc":{"start":{"line":5,"column":23},"end":{"line":7,"column":9}},"line":5}},"branchMap":{},"s":{"0":1,"1":8,"2":8,"3":8,"4":8},"f":{"0":8,"1":8,"2":8},"b":{},"_coverageSchema":"1a1c01bbd47fc00a2c39e90264f33305004495a9","hash":"3b19213b68611c3a7daa1c016465a6bc9544524a"}
,"/Users/christo/Documents/stopwatch-js/build/sleep.js": {"path":"/Users/christo/Documents/stopwatch-js/build/sleep.js","statementMap":{"0":{"start":{"line":2,"column":16},"end":{"line":10,"column":1}},"1":{"start":{"line":3,"column":28},"end":{"line":3,"column":110}},"2":{"start":{"line":3,"column":91},"end":{"line":3,"column":106}},"3":{"start":{"line":4,"column":4},"end":{"line":9,"column":7}},"4":{"start":{"line":5,"column":36},"end":{"line":5,"column":97}},"5":{"start":{"line":5,"column":42},"end":{"line":5,"column":70}},"6":{"start":{"line":5,"column":85},"end":{"line":5,"column":95}},"7":{"start":{"line":6,"column":35},"end":{"line":6,"column":100}},"8":{"start":{"line":6,"column":41},"end":{"line":6,"column":73}},"9":{"start":{"line":6,"column":88},"end":{"line":6,"column":98}},"10":{"start":{"line":7,"column":32},"end":{"line":7,"column":116}},"11":{"start":{"line":8,"column":8},"end":{"line":8,"column":78}},"12":{"start":{"line":12,"column":0},"end":{"line":21,"column":2}},"13":{"start":{"line":13,"column":4},"end":{"line":20,"column":7}},"14":{"start":{"line":14,"column":8},"end":{"line":19,"column":11}},"15":{"start":{"line":15,"column":36},"end":{"line":15,"column":46}},"16":{"start":{"line":16,"column":12},"end":{"line":18,"column":26}},"17":{"start":{"line":17,"column":16},"end":{"line":17,"column":54}}},"fnMap":{"0":{"name":"(anonymous_0)","decl":{"start":{"line":2,"column":44},"end":{"line":2,"column":45}},"loc":{"start":{"line":2,"column":89},"end":{"line":10,"column":1}},"line":2},"1":{"name":"adopt","decl":{"start":{"line":3,"column":13},"end":{"line":3,"column":18}},"loc":{"start":{"line":3,"column":26},"end":{"line":3,"column":112}},"line":3},"2":{"name":"(anonymous_2)","decl":{"start":{"line":3,"column":70},"end":{"line":3,"column":71}},"loc":{"start":{"line":3,"column":89},"end":{"line":3,"column":108}},"line":3},"3":{"name":"(anonymous_3)","decl":{"start":{"line":4,"column":36},"end":{"line":4,"column":37}},"loc":{"start":{"line":4,"column":63},"end":{"line":9,"column":5}},"line":4},"4":{"name":"fulfilled","decl":{"start":{"line":5,"column":17},"end":{"line":5,"column":26}},"loc":{"start":{"line":5,"column":34},"end":{"line":5,"column":99}},"line":5},"5":{"name":"rejected","decl":{"start":{"line":6,"column":17},"end":{"line":6,"column":25}},"loc":{"start":{"line":6,"column":33},"end":{"line":6,"column":102}},"line":6},"6":{"name":"step","decl":{"start":{"line":7,"column":17},"end":{"line":7,"column":21}},"loc":{"start":{"line":7,"column":30},"end":{"line":7,"column":118}},"line":7},"7":{"name":"(anonymous_7)","decl":{"start":{"line":12,"column":17},"end":{"line":12,"column":18}},"loc":{"start":{"line":12,"column":38},"end":{"line":21,"column":1}},"line":12},"8":{"name":"(anonymous_8)","decl":{"start":{"line":13,"column":43},"end":{"line":13,"column":44}},"loc":{"start":{"line":13,"column":56},"end":{"line":20,"column":5}},"line":13},"9":{"name":"(anonymous_9)","decl":{"start":{"line":14,"column":27},"end":{"line":14,"column":28}},"loc":{"start":{"line":14,"column":46},"end":{"line":19,"column":9}},"line":14},"10":{"name":"(anonymous_10)","decl":{"start":{"line":16,"column":23},"end":{"line":16,"column":24}},"loc":{"start":{"line":16,"column":29},"end":{"line":18,"column":13}},"line":16}},"branchMap":{"0":{"loc":{"start":{"line":2,"column":16},"end":{"line":10,"column":1}},"type":"binary-expr","locations":[{"start":{"line":2,"column":17},"end":{"line":2,"column":21}},{"start":{"line":2,"column":25},"end":{"line":2,"column":39}},{"start":{"line":2,"column":44},"end":{"line":10,"column":1}}],"line":2},"1":{"loc":{"start":{"line":3,"column":35},"end":{"line":3,"column":109}},"type":"cond-expr","locations":[{"start":{"line":3,"column":56},"end":{"line":3,"column":61}},{"start":{"line":3,"column":64},"end":{"line":3,"column":109}}],"line":3},"2":{"loc":{"start":{"line":4,"column":16},"end":{"line":4,"column":34}},"type":"binary-expr","locations":[{"start":{"line":4,"column":16},"end":{"line":4,"column":17}},{"start":{"line":4,"column":22},"end":{"line":4,"column":33}}],"line":4},"3":{"loc":{"start":{"line":7,"column":32},"end":{"line":7,"column":115}},"type":"cond-expr","locations":[{"start":{"line":7,"column":46},"end":{"line":7,"column":67}},{"start":{"line":7,"column":70},"end":{"line":7,"column":115}}],"line":7},"4":{"loc":{"start":{"line":8,"column":51},"end":{"line":8,"column":67}},"type":"binary-expr","locations":[{"start":{"line":8,"column":51},"end":{"line":8,"column":61}},{"start":{"line":8,"column":65},"end":{"line":8,"column":67}}],"line":8}},"s":{"0":1,"1":0,"2":0,"3":4,"4":0,"5":0,"6":0,"7":0,"8":0,"9":0,"10":4,"11":4,"12":1,"13":4,"14":4,"15":4,"16":4,"17":4},"f":{"0":4,"1":0,"2":0,"3":4,"4":0,"5":0,"6":4,"7":4,"8":4,"9":4,"10":4},"b":{"0":[1,1,1],"1":[0,0],"2":[4,4],"3":[4,0],"4":[4,4]},"_coverageSchema":"1a1c01bbd47fc00a2c39e90264f33305004495a9","hash":"c20f3cf8ed13d992ae31c205189987767767f071"}
,"/Users/christo/Documents/stopwatch-js/build/dist/StopWatch.js": {"path":"/Users/christo/Documents/stopwatch-js/build/dist/StopWatch.js","statementMap":{"0":{"start":{"line":4,"column":8},"end":{"line":4,"column":26}},"1":{"start":{"line":5,"column":8},"end":{"line":5,"column":25}},"2":{"start":{"line":8,"column":8},"end":{"line":12,"column":9}},"3":{"start":{"line":9,"column":12},"end":{"line":9,"column":35}},"4":{"start":{"line":10,"column":12},"end":{"line":10,"column":29}},"5":{"start":{"line":11,"column":12},"end":{"line":11,"column":19}},"6":{"start":{"line":13,"column":8},"end":{"line":13,"column":32}},"7":{"start":{"line":16,"column":8},"end":{"line":17,"column":19}},"8":{"start":{"line":17,"column":12},"end":{"line":17,"column":19}},"9":{"start":{"line":18,"column":8},"end":{"line":18,"column":31}},"10":{"start":{"line":21,"column":8},"end":{"line":21,"column":26}},"11":{"start":{"line":22,"column":8},"end":{"line":22,"column":25}},"12":{"start":{"line":25,"column":8},"end":{"line":26,"column":21}},"13":{"start":{"line":26,"column":12},"end":{"line":26,"column":21}},"14":{"start":{"line":27,"column":8},"end":{"line":28,"column":43}},"15":{"start":{"line":28,"column":12},"end":{"line":28,"column":43}},"16":{"start":{"line":29,"column":8},"end":{"line":29,"column":38}},"17":{"start":{"line":32,"column":8},"end":{"line":32,"column":63}},"18":{"start":{"line":35,"column":8},"end":{"line":35,"column":63}},"19":{"start":{"line":38,"column":8},"end":{"line":38,"column":53}},"20":{"start":{"line":43,"column":33},"end":{"line":43,"column":69}},"21":{"start":{"line":44,"column":28},"end":{"line":44,"column":105}},"22":{"start":{"line":45,"column":36},"end":{"line":45,"column":77}},"23":{"start":{"line":46,"column":31},"end":{"line":46,"column":117}},"24":{"start":{"line":47,"column":48},"end":{"line":47,"column":122}},"25":{"start":{"line":48,"column":8},"end":{"line":48,"column":91}},"26":{"start":{"line":51,"column":0},"end":{"line":51,"column":27}}},"fnMap":{"0":{"name":"(anonymous_0)","decl":{"start":{"line":3,"column":4},"end":{"line":3,"column":5}},"loc":{"start":{"line":3,"column":18},"end":{"line":6,"column":5}},"line":3},"1":{"name":"(anonymous_1)","decl":{"start":{"line":7,"column":4},"end":{"line":7,"column":5}},"loc":{"start":{"line":7,"column":17},"end":{"line":14,"column":5}},"line":7},"2":{"name":"(anonymous_2)","decl":{"start":{"line":15,"column":4},"end":{"line":15,"column":5}},"loc":{"start":{"line":15,"column":16},"end":{"line":19,"column":5}},"line":15},"3":{"name":"(anonymous_3)","decl":{"start":{"line":20,"column":4},"end":{"line":20,"column":5}},"loc":{"start":{"line":20,"column":12},"end":{"line":23,"column":5}},"line":20},"4":{"name":"(anonymous_4)","decl":{"start":{"line":24,"column":4},"end":{"line":24,"column":5}},"loc":{"start":{"line":24,"column":29},"end":{"line":30,"column":5}},"line":24},"5":{"name":"(anonymous_5)","decl":{"start":{"line":31,"column":4},"end":{"line":31,"column":5}},"loc":{"start":{"line":31,"column":39},"end":{"line":33,"column":5}},"line":31},"6":{"name":"(anonymous_6)","decl":{"start":{"line":34,"column":4},"end":{"line":34,"column":5}},"loc":{"start":{"line":34,"column":34},"end":{"line":36,"column":5}},"line":34},"7":{"name":"(anonymous_7)","decl":{"start":{"line":37,"column":4},"end":{"line":37,"column":5}},"loc":{"start":{"line":37,"column":49},"end":{"line":39,"column":5}},"line":37},"8":{"name":"(anonymous_8)","decl":{"start":{"line":40,"column":4},"end":{"line":40,"column":5}},"loc":{"start":{"line":40,"column":48},"end":{"line":49,"column":5}},"line":40}},"branchMap":{"0":{"loc":{"start":{"line":8,"column":8},"end":{"line":12,"column":9}},"type":"if","locations":[{"start":{"line":8,"column":8},"end":{"line":12,"column":9}},{"start":{"line":8,"column":8},"end":{"line":12,"column":9}}],"line":8},"1":{"loc":{"start":{"line":16,"column":8},"end":{"line":17,"column":19}},"type":"if","locations":[{"start":{"line":16,"column":8},"end":{"line":17,"column":19}},{"start":{"line":16,"column":8},"end":{"line":17,"column":19}}],"line":16},"2":{"loc":{"start":{"line":25,"column":8},"end":{"line":26,"column":21}},"type":"if","locations":[{"start":{"line":25,"column":8},"end":{"line":26,"column":21}},{"start":{"line":25,"column":8},"end":{"line":26,"column":21}}],"line":25},"3":{"loc":{"start":{"line":27,"column":8},"end":{"line":28,"column":43}},"type":"if","locations":[{"start":{"line":27,"column":8},"end":{"line":28,"column":43}},{"start":{"line":27,"column":8},"end":{"line":28,"column":43}}],"line":27},"4":{"loc":{"start":{"line":44,"column":28},"end":{"line":44,"column":105}},"type":"cond-expr","locations":[{"start":{"line":44,"column":60},"end":{"line":44,"column":78}},{"start":{"line":44,"column":81},"end":{"line":44,"column":105}}],"line":44},"5":{"loc":{"start":{"line":46,"column":31},"end":{"line":46,"column":117}},"type":"cond-expr","locations":[{"start":{"line":46,"column":66},"end":{"line":46,"column":87}},{"start":{"line":46,"column":90},"end":{"line":46,"column":117}}],"line":46}},"s":{"0":4,"1":4,"2":4,"3":1,"4":1,"5":1,"6":3,"7":3,"8":0,"9":3,"10":2,"11":2,"12":42,"13":12,"14":30,"15":10,"16":20,"17":9,"18":9,"19":9,"20":9,"21":9,"22":9,"23":9,"24":9,"25":9,"26":1},"f":{"0":4,"1":4,"2":3,"3":2,"4":42,"5":9,"6":9,"7":9,"8":9},"b":{"0":[1,3],"1":[0,3],"2":[12,30],"3":[10,20],"4":[0,9],"5":[0,9]},"_coverageSchema":"1a1c01bbd47fc00a2c39e90264f33305004495a9","hash":"5688e07eca263beec3f4ac2f2932d0895fbdd90d"}
,"/Users/christo/Documents/stopwatch-js/dist/StopWatch.js": {"path":"/Users/christo/Documents/stopwatch-js/dist/StopWatch.js","statementMap":{"0":{"start":{"line":3,"column":8},"end":{"line":3,"column":33}},"1":{"start":{"line":4,"column":8},"end":{"line":4,"column":26}},"2":{"start":{"line":5,"column":8},"end":{"line":5,"column":28}},"3":{"start":{"line":9,"column":8},"end":{"line":12,"column":9}},"4":{"start":{"line":10,"column":12},"end":{"line":10,"column":36}},"5":{"start":{"line":11,"column":12},"end":{"line":11,"column":32}},"6":{"start":{"line":16,"column":8},"end":{"line":19,"column":9}},"7":{"start":{"line":17,"column":12},"end":{"line":17,"column":31}},"8":{"start":{"line":18,"column":12},"end":{"line":18,"column":84}},"9":{"start":{"line":23,"column":8},"end":{"line":23,"column":26}},"10":{"start":{"line":24,"column":8},"end":{"line":24,"column":33}},"11":{"start":{"line":28,"column":8},"end":{"line":34,"column":9}},"12":{"start":{"line":29,"column":12},"end":{"line":29,"column":21}},"13":{"start":{"line":30,"column":14},"end":{"line":34,"column":9}},"14":{"start":{"line":31,"column":12},"end":{"line":31,"column":40}},"15":{"start":{"line":33,"column":12},"end":{"line":33,"column":68}},"16":{"start":{"line":38,"column":8},"end":{"line":38,"column":63}},"17":{"start":{"line":42,"column":8},"end":{"line":42,"column":63}},"18":{"start":{"line":46,"column":8},"end":{"line":46,"column":53}},"19":{"start":{"line":52,"column":33},"end":{"line":52,"column":69}},"20":{"start":{"line":53,"column":28},"end":{"line":53,"column":105}},"21":{"start":{"line":55,"column":36},"end":{"line":55,"column":77}},"22":{"start":{"line":56,"column":31},"end":{"line":56,"column":117}},"23":{"start":{"line":58,"column":48},"end":{"line":58,"column":122}},"24":{"start":{"line":60,"column":8},"end":{"line":60,"column":91}},"25":{"start":{"line":64,"column":0},"end":{"line":64,"column":27}}},"fnMap":{"0":{"name":"(anonymous_0)","decl":{"start":{"line":2,"column":4},"end":{"line":2,"column":5}},"loc":{"start":{"line":2,"column":18},"end":{"line":6,"column":5}},"line":2},"1":{"name":"(anonymous_1)","decl":{"start":{"line":8,"column":4},"end":{"line":8,"column":5}},"loc":{"start":{"line":8,"column":16},"end":{"line":13,"column":5}},"line":8},"2":{"name":"(anonymous_2)","decl":{"start":{"line":15,"column":4},"end":{"line":15,"column":5}},"loc":{"start":{"line":15,"column":15},"end":{"line":20,"column":5}},"line":15},"3":{"name":"(anonymous_3)","decl":{"start":{"line":22,"column":4},"end":{"line":22,"column":5}},"loc":{"start":{"line":22,"column":11},"end":{"line":25,"column":5}},"line":22},"4":{"name":"(anonymous_4)","decl":{"start":{"line":27,"column":4},"end":{"line":27,"column":5}},"loc":{"start":{"line":27,"column":28},"end":{"line":35,"column":5}},"line":27},"5":{"name":"(anonymous_5)","decl":{"start":{"line":37,"column":4},"end":{"line":37,"column":5}},"loc":{"start":{"line":37,"column":38},"end":{"line":39,"column":5}},"line":37},"6":{"name":"(anonymous_6)","decl":{"start":{"line":41,"column":4},"end":{"line":41,"column":5}},"loc":{"start":{"line":41,"column":33},"end":{"line":43,"column":5}},"line":41},"7":{"name":"(anonymous_7)","decl":{"start":{"line":45,"column":4},"end":{"line":45,"column":5}},"loc":{"start":{"line":45,"column":48},"end":{"line":47,"column":5}},"line":45},"8":{"name":"(anonymous_8)","decl":{"start":{"line":49,"column":4},"end":{"line":49,"column":5}},"loc":{"start":{"line":49,"column":47},"end":{"line":61,"column":5}},"line":49}},"branchMap":{"0":{"loc":{"start":{"line":9,"column":8},"end":{"line":12,"column":9}},"type":"if","locations":[{"start":{"line":9,"column":8},"end":{"line":12,"column":9}},{"start":{"line":9,"column":8},"end":{"line":12,"column":9}}],"line":9},"1":{"loc":{"start":{"line":9,"column":11},"end":{"line":9,"column":44}},"type":"binary-expr","locations":[{"start":{"line":9,"column":11},"end":{"line":9,"column":29}},{"start":{"line":9,"column":33},"end":{"line":9,"column":44}}],"line":9},"2":{"loc":{"start":{"line":16,"column":8},"end":{"line":19,"column":9}},"type":"if","locations":[{"start":{"line":16,"column":8},"end":{"line":19,"column":9}},{"start":{"line":16,"column":8},"end":{"line":19,"column":9}}],"line":16},"3":{"loc":{"start":{"line":28,"column":8},"end":{"line":34,"column":9}},"type":"if","locations":[{"start":{"line":28,"column":8},"end":{"line":34,"column":9}},{"start":{"line":28,"column":8},"end":{"line":34,"column":9}}],"line":28},"4":{"loc":{"start":{"line":30,"column":14},"end":{"line":34,"column":9}},"type":"if","locations":[{"start":{"line":30,"column":14},"end":{"line":34,"column":9}},{"start":{"line":30,"column":14},"end":{"line":34,"column":9}}],"line":30},"5":{"loc":{"start":{"line":53,"column":28},"end":{"line":53,"column":105}},"type":"cond-expr","locations":[{"start":{"line":53,"column":60},"end":{"line":53,"column":78}},{"start":{"line":53,"column":81},"end":{"line":53,"column":105}}],"line":53},"6":{"loc":{"start":{"line":56,"column":31},"end":{"line":56,"column":117}},"type":"cond-expr","locations":[{"start":{"line":56,"column":66},"end":{"line":56,"column":87}},{"start":{"line":56,"column":90},"end":{"line":56,"column":117}}],"line":56}},"s":{"0":4,"1":4,"2":4,"3":6,"4":6,"5":6,"6":5,"7":4,"8":4,"9":2,"10":2,"11":57,"12":12,"13":45,"14":25,"15":20,"16":12,"17":12,"18":12,"19":12,"20":12,"21":12,"22":12,"23":12,"24":12,"25":1},"f":{"0":4,"1":6,"2":5,"3":2,"4":57,"5":12,"6":12,"7":12,"8":12},"b":{"0":[6,0],"1":[6,3],"2":[4,1],"3":[12,45],"4":[25,20],"5":[0,12],"6":[0,12]},"_coverageSchema":"1a1c01bbd47fc00a2c39e90264f33305004495a9","hash":"700994ad3291f7cee9ca54aa9dfa6cafcf26d82c"}
}
