TN:
SF:sleep.js
FN:2,(anonymous_0)
FN:3,(anonymous_1)
FN:5,(anonymous_2)
FNF:3
FNH:3
FNDA:8,(anonymous_0)
FNDA:8,(anonymous_1)
FNDA:8,(anonymous_2)
DA:2,1
DA:3,8
DA:4,8
DA:5,8
DA:6,8
LF:5
LH:5
BRF:0
BRH:0
end_of_record
TN:
SF:build/sleep.js
FN:2,(anonymous_0)
FN:3,adopt
FN:3,(anonymous_2)
FN:4,(anonymous_3)
FN:5,fulfilled
FN:6,rejected
FN:7,step
FN:12,(anonymous_7)
FN:13,(anonymous_8)
FN:14,(anonymous_9)
FN:16,(anonymous_10)
FNF:11
FNH:7
FNDA:4,(anonymous_0)
FNDA:0,adopt
FNDA:0,(anonymous_2)
FNDA:4,(anonymous_3)
FNDA:0,fulfilled
FNDA:0,rejected
FNDA:4,step
FNDA:4,(anonymous_7)
FNDA:4,(anonymous_8)
FNDA:4,(anonymous_9)
FNDA:4,(anonymous_10)
DA:2,1
DA:3,0
DA:4,4
DA:5,0
DA:6,0
DA:7,4
DA:8,4
DA:12,1
DA:13,4
DA:14,4
DA:15,4
DA:16,4
DA:17,4
LF:13
LH:10
BRDA:2,0,0,1
BRDA:2,0,1,1
BRDA:2,0,2,1
BRDA:3,1,0,0
BRDA:3,1,1,0
BRDA:4,2,0,4
BRDA:4,2,1,4
BRDA:7,3,0,4
BRDA:7,3,1,0
BRDA:8,4,0,4
BRDA:8,4,1,4
BRF:11
BRH:8
end_of_record
TN:
SF:build/dist/StopWatch.js
FN:3,(anonymous_0)
FN:7,(anonymous_1)
FN:15,(anonymous_2)
FN:20,(anonymous_3)
FN:24,(anonymous_4)
FN:31,(anonymous_5)
FN:34,(anonymous_6)
FN:37,(anonymous_7)
FN:40,(anonymous_8)
FNF:9
FNH:9
FNDA:4,(anonymous_0)
FNDA:4,(anonymous_1)
FNDA:3,(anonymous_2)
FNDA:2,(anonymous_3)
FNDA:42,(anonymous_4)
FNDA:9,(anonymous_5)
FNDA:9,(anonymous_6)
FNDA:9,(anonymous_7)
FNDA:9,(anonymous_8)
DA:4,4
DA:5,4
DA:8,4
DA:9,1
DA:10,1
DA:11,1
DA:13,3
DA:16,3
DA:17,0
DA:18,3
DA:21,2
DA:22,2
DA:25,42
DA:26,12
DA:27,30
DA:28,10
DA:29,20
DA:32,9
DA:35,9
DA:38,9
DA:43,9
DA:44,9
DA:45,9
DA:46,9
DA:47,9
DA:48,9
DA:51,1
LF:27
LH:26
BRDA:8,0,0,1
BRDA:8,0,1,3
BRDA:16,1,0,0
BRDA:16,1,1,3
BRDA:25,2,0,12
BRDA:25,2,1,30
BRDA:27,3,0,10
BRDA:27,3,1,20
BRDA:44,4,0,0
BRDA:44,4,1,9
BRDA:46,5,0,0
BRDA:46,5,1,9
BRF:12
BRH:9
end_of_record
TN:
SF:dist/StopWatch.js
FN:2,(anonymous_0)
FN:8,(anonymous_1)
FN:15,(anonymous_2)
FN:22,(anonymous_3)
FN:27,(anonymous_4)
FN:37,(anonymous_5)
FN:41,(anonymous_6)
FN:45,(anonymous_7)
FN:49,(anonymous_8)
FNF:9
FNH:9
FNDA:4,(anonymous_0)
FNDA:6,(anonymous_1)
FNDA:5,(anonymous_2)
FNDA:2,(anonymous_3)
FNDA:57,(anonymous_4)
FNDA:12,(anonymous_5)
FNDA:12,(anonymous_6)
FNDA:12,(anonymous_7)
FNDA:12,(anonymous_8)
DA:3,4
DA:4,4
DA:5,4
DA:9,6
DA:10,6
DA:11,6
DA:16,5
DA:17,4
DA:18,4
DA:23,2
DA:24,2
DA:28,57
DA:29,12
DA:30,45
DA:31,25
DA:33,20
DA:38,12
DA:42,12
DA:46,12
DA:52,12
DA:53,12
DA:55,12
DA:56,12
DA:58,12
DA:60,12
DA:64,1
LF:26
LH:26
BRDA:9,0,0,6
BRDA:9,0,1,0
BRDA:9,1,0,6
BRDA:9,1,1,3
BRDA:16,2,0,4
BRDA:16,2,1,1
BRDA:28,3,0,12
BRDA:28,3,1,45
BRDA:30,4,0,25
BRDA:30,4,1,20
BRDA:53,5,0,0
BRDA:53,5,1,12
BRDA:56,6,0,0
BRDA:56,6,1,12
BRF:14
BRH:11
end_of_record
